<?xml version="1.0" encoding="UTF-8"?>
<!-- Generated by org.testng.reporters.JUnitReportReporter -->
<testsuite skipped="0" hostname="DESKTOP-FGVV9N0" name="com.test.runner.ZooplaRunner" tests="1" failures="0" timestamp="02 Jul 2020 23:27:00 GMT" time="22.733" errors="0">
  <testcase name="runScenario" time="22.733" classname="com.test.runner.ZooplaRunner"/>
</testsuite> <!-- com.test.runner.ZooplaRunner -->
