<?xml version="1.0" encoding="UTF-8"?>
<!-- Generated by org.testng.reporters.JUnitReportReporter -->
<testsuite skipped="0" hostname="DESKTOP-FGVV9N0" name="com.smoke.test.SanityTestNG" tests="2" failures="0" timestamp="29 Jun 2020 00:01:41 GMT" time="7.885" errors="0">
  <testcase name="getProperty" time="5.064" classname="com.smoke.test.SanityTestNG"/>
  <testcase name="getAgent" time="2.821" classname="com.smoke.test.SanityTestNG"/>
</testsuite> <!-- com.smoke.test.SanityTestNG -->
